Using pre-set license
Built from '2022.3/staging' branch; Version is '2022.3.11f1 (d00248457e15) revision 13632072'; Using compiler version '192829333'; Build Type 'Release'
OS: 'Windows 11  (10.0.22631) 64bit Core' Language: 'en' Physical Memory: 7903 MB
BatchMode: 1, IsHumanControllingUs: 0, StartBugReporterOnCrash: 0, Is64bit: 1, IsPro: 1

COMMAND LINE ARGUMENTS:
C:\Program Files\Unity\Hub\Editor\2022.3.11f1\Editor\Unity.exe
-adb2
-batchMode
-noUpm
-name
AssetImportWorker2
-projectPath
C:/Users/aiden/Documents/ESP230/ESP230-VIRTUAL-SCENE/UNITY/V1 3D Render
-logFile
Logs/AssetImportWorker2.log
-srvPort
61711
Successfully changed project path to: C:/Users/aiden/Documents/ESP230/ESP230-VIRTUAL-SCENE/UNITY/V1 3D Render
C:/Users/aiden/Documents/ESP230/ESP230-VIRTUAL-SCENE/UNITY/V1 3D Render
[UnityMemory] Configuration Parameters - Can be set up in boot.config
    "memorysetup-bucket-allocator-granularity=16"
    "memorysetup-bucket-allocator-bucket-count=8"
    "memorysetup-bucket-allocator-block-size=33554432"
    "memorysetup-bucket-allocator-block-count=8"
    "memorysetup-main-allocator-block-size=16777216"
    "memorysetup-thread-allocator-block-size=16777216"
    "memorysetup-gfx-main-allocator-block-size=16777216"
    "memorysetup-gfx-thread-allocator-block-size=16777216"
    "memorysetup-cache-allocator-block-size=4194304"
    "memorysetup-typetree-allocator-block-size=2097152"
    "memorysetup-profiler-bucket-allocator-granularity=16"
    "memorysetup-profiler-bucket-allocator-bucket-count=8"
    "memorysetup-profiler-bucket-allocator-block-size=33554432"
    "memorysetup-profiler-bucket-allocator-block-count=8"
    "memorysetup-profiler-allocator-block-size=16777216"
    "memorysetup-profiler-editor-allocator-block-size=1048576"
    "memorysetup-temp-allocator-size-main=16777216"
    "memorysetup-job-temp-allocator-block-size=2097152"
    "memorysetup-job-temp-allocator-block-size-background=1048576"
    "memorysetup-job-temp-allocator-reduction-small-platforms=262144"
    "memorysetup-allocator-temp-initial-block-size-main=262144"
    "memorysetup-allocator-temp-initial-block-size-worker=262144"
    "memorysetup-temp-allocator-size-background-worker=32768"
    "memorysetup-temp-allocator-size-job-worker=262144"
    "memorysetup-temp-allocator-size-preload-manager=33554432"
    "memorysetup-temp-allocator-size-nav-mesh-worker=65536"
    "memorysetup-temp-allocator-size-audio-worker=65536"
    "memorysetup-temp-allocator-size-cloud-worker=32768"
    "memorysetup-temp-allocator-size-gi-baking-worker=262144"
    "memorysetup-temp-allocator-size-gfx=262144"
Player connection [15376] Host "[IP] 192.168.56.1 [Port] 0 [Flags] 2 [Guid] 2265170262 [EditorId] 2265170262 [Version] 1048832 [Id] WindowsEditor(7,Aiden_Laptop) [Debug] 1 [PackageName] WindowsEditor [ProjectName] Editor" joined multi-casting on [225.0.0.222:54997]...

Player connection [15376] Host "[IP] 192.168.56.1 [Port] 0 [Flags] 2 [Guid] 2265170262 [EditorId] 2265170262 [Version] 1048832 [Id] WindowsEditor(7,Aiden_Laptop) [Debug] 1 [PackageName] WindowsEditor [ProjectName] Editor" joined alternative multi-casting on [225.0.0.222:34997]...

[Physics::Module] Initialized MultithreadedJobDispatcher with 11 workers.
Refreshing native plugins compatible for Editor in 26.27 ms, found 3 plugins.
Preloading 0 native plugins for Editor in 0.00 ms.
Initialize engine version: 2022.3.11f1 (d00248457e15)
[Subsystems] Discovering subsystems at path C:/Program Files/Unity/Hub/Editor/2022.3.11f1/Editor/Data/Resources/UnitySubsystems
[Subsystems] Discovering subsystems at path C:/Users/aiden/Documents/ESP230/ESP230-VIRTUAL-SCENE/UNITY/V1 3D Render/Assets
GfxDevice: creating device client; threaded=0; jobified=0
Direct3D:
    Version:  Direct3D 11.0 [level 11.1]
    Renderer: Intel(R) Iris(R) Xe Graphics (ID=0xa7a1)
    Vendor:   Intel
    VRAM:     3951 MB
    Driver:   31.0.101.5186
Initialize mono
Mono path[0] = 'C:/Program Files/Unity/Hub/Editor/2022.3.11f1/Editor/Data/Managed'
Mono path[1] = 'C:/Program Files/Unity/Hub/Editor/2022.3.11f1/Editor/Data/MonoBleedingEdge/lib/mono/unityjit-win32'
Mono config path = 'C:/Program Files/Unity/Hub/Editor/2022.3.11f1/Editor/Data/MonoBleedingEdge/etc'
Using monoOptions --debugger-agent=transport=dt_socket,embedding=1,server=y,suspend=n,address=127.0.0.1:56780
Begin MonoManager ReloadAssembly
Registering precompiled unity dll's ...
Register platform support module: C:/Program Files/Unity/Hub/Editor/2022.3.11f1/Editor/Data/PlaybackEngines/WebGLSupport/UnityEditor.WebGL.Extensions.dll
Register platform support module: C:/Program Files/Unity/Hub/Editor/2022.3.11f1/Editor/Data/PlaybackEngines/WindowsStandaloneSupport/UnityEditor.WindowsStandalone.Extensions.dll
Registered in 0.011663 seconds.
- Loaded All Assemblies, in  0.381 seconds
Native extension for WindowsStandalone target not found
Native extension for WebGL target not found
Mono: successfully reloaded assembly
- Finished resetting the current domain, in  0.216 seconds
Domain Reload Profiling: 596ms
	BeginReloadAssembly (146ms)
		ExecutionOrderSort (0ms)
		DisableScriptedObjects (0ms)
		BackupInstance (0ms)
		ReleaseScriptingObjects (0ms)
		CreateAndSetChildDomain (2ms)
	RebuildCommonClasses (31ms)
	RebuildNativeTypeToScriptingClass (9ms)
	initialDomainReloadingComplete (66ms)
	LoadAllAssembliesAndSetupDomain (127ms)
		LoadAssemblies (142ms)
		RebuildTransferFunctionScriptingTraits (0ms)
		AnalyzeDomain (125ms)
			TypeCache.Refresh (123ms)
				TypeCache.ScanAssembly (110ms)
			ScanForSourceGeneratedMonoScriptInfo (0ms)
			ResolveRequiredComponents (1ms)
	FinalizeReload (218ms)
		ReleaseScriptCaches (0ms)
		RebuildScriptCaches (0ms)
		SetupLoadedEditorAssemblies (165ms)
			LogAssemblyErrors (0ms)
			InitializePlatformSupportModulesInManaged (11ms)
			SetLoadedEditorAssemblies (6ms)
			RefreshPlugins (0ms)
			BeforeProcessingInitializeOnLoad (2ms)
			ProcessInitializeOnLoadAttributes (105ms)
			ProcessInitializeOnLoadMethodAttributes (40ms)
			AfterProcessingInitializeOnLoad (0ms)
			EditorAssembliesLoaded (0ms)
		ExecutionOrderSort2 (0ms)
		AwakeInstancesAfterBackupRestoration (0ms)
========================================================================
Worker process is ready to serve import requests
Begin MonoManager ReloadAssembly
- Loaded All Assemblies, in  0.666 seconds
Refreshing native plugins compatible for Editor in 2.21 ms, found 3 plugins.
Native extension for WindowsStandalone target not found
Native extension for WebGL target not found
Mono: successfully reloaded assembly
- Finished resetting the current domain, in  0.571 seconds
Domain Reload Profiling: 1224ms
	BeginReloadAssembly (113ms)
		ExecutionOrderSort (0ms)
		DisableScriptedObjects (4ms)
		BackupInstance (0ms)
		ReleaseScriptingObjects (0ms)
		CreateAndSetChildDomain (16ms)
	RebuildCommonClasses (26ms)
	RebuildNativeTypeToScriptingClass (8ms)
	initialDomainReloadingComplete (39ms)
	LoadAllAssembliesAndSetupDomain (467ms)
		LoadAssemblies (374ms)
		RebuildTransferFunctionScriptingTraits (0ms)
		AnalyzeDomain (156ms)
			TypeCache.Refresh (142ms)
				TypeCache.ScanAssembly (128ms)
			ScanForSourceGeneratedMonoScriptInfo (11ms)
			ResolveRequiredComponents (2ms)
	FinalizeReload (572ms)
		ReleaseScriptCaches (0ms)
		RebuildScriptCaches (0ms)
		SetupLoadedEditorAssemblies (461ms)
			LogAssemblyErrors (0ms)
			InitializePlatformSupportModulesInManaged (6ms)
			SetLoadedEditorAssemblies (4ms)
			RefreshPlugins (0ms)
			BeforeProcessingInitializeOnLoad (50ms)
			ProcessInitializeOnLoadAttributes (379ms)
			ProcessInitializeOnLoadMethodAttributes (16ms)
			AfterProcessingInitializeOnLoad (6ms)
			EditorAssembliesLoaded (0ms)
		ExecutionOrderSort2 (0ms)
		AwakeInstancesAfterBackupRestoration (5ms)
Launched and connected shader compiler UnityShaderCompiler.exe after 0.05 seconds
Refreshing native plugins compatible for Editor in 2.37 ms, found 3 plugins.
Preloading 0 native plugins for Editor in 0.00 ms.
Unloading 3101 Unused Serialized files (Serialized files now loaded: 0)
Unloading 30 unused Assets / (56.8 KB). Loaded Objects now: 3576.
Memory consumption went from 130.5 MB to 130.5 MB.
Total: 2.174700 ms (FindLiveObjects: 0.177400 ms CreateObjectMapping: 0.060700 ms MarkObjects: 1.845800 ms  DeleteObjects: 0.089700 ms)

AssetImportParameters requested are different than current active one (requested -> active):
  custom:container-demuxer-ogg: 62fdf1f143b41e24485cea50d1cbac27 -> 
  custom:video-decoder-ogg-theora: a1e56fd34408186e4bbccfd4996cb3dc -> 
  custom:framework-win-MediaFoundation: 216162199b28c13a410421893ffa2e32 -> 
  custom:CustomObjectIndexerAttribute: 756ad292c208cfabdd7b50bc23989ffe -> 
  custom:container-demuxer-webm: 4f35f7cbe854078d1ac9338744f61a02 -> 
  custom:container-muxer-webm: aa71ff27fc2769a1b78a27578f13a17b -> 
  custom:video-decoder-webm-vp8: 9c59270c3fd7afecdb556c50c9e8de78 -> 
  custom:SearchIndexIgnoredProperties: e643bd26f0fe6173181afceb89e7c659 -> 
  custom:AudioImporter_EditorPlatform: d09bf68614088b80899f8185d706f6e7 -> 
  custom:video-encoder-webm-vp8: eb34c28f22e8b96e1ab97ce403110664 -> 
  custom:audio-decoder-ogg-vorbis: bf7c407c2cedff20999df2af8eb42d56 -> 
  custom:audio-encoder-webm-vorbis: bf7c407c2cedff20999df2af8eb42d56 -> 
========================================================================
Received Import Request.
  Time since last request: 94747.365077 seconds.
  path: Assets/Temp/Models/MOCOCO
  artifactKey: Guid(07db96d83e398af4abaed3da4379fea4) Importer(815301076,1909f56bfc062723c751e8b465ee728b)
Start importing Assets/Temp/Models/MOCOCO using Guid(07db96d83e398af4abaed3da4379fea4) Importer(815301076,1909f56bfc062723c751e8b465ee728b)  -> (artifact id: '160ef76b62ccc1447bd18fc7a4340747') in 0.004709 seconds
Number of updated asset objects reloaded before import = 0
Number of asset objects unloaded after import = 0
========================================================================
Received Import Request.
  Time since last request: 4.858665 seconds.
  path: Assets/Temp/Models/MOCOCO/MOCOCO_Æ╩ÅÝê▀æò.fbx
  artifactKey: Guid(258de5344bf03f54eb3bd3c7c98da4fa) Importer(815301076,1909f56bfc062723c751e8b465ee728b)
Start importing Assets/Temp/Models/MOCOCO/MOCOCO_Æ╩ÅÝê▀æò.fbx using Guid(258de5344bf03f54eb3bd3c7c98da4fa) Importer(815301076,1909f56bfc062723c751e8b465ee728b)  -> (artifact id: 'a1b167bc18103211cc18075345cb8ed7') in 0.870873 seconds
Number of updated asset objects reloaded before import = 0
Number of asset objects unloaded after import = 535
========================================================================
Received Import Request.
  Time since last request: 174.684706 seconds.
  path: Assets/Temp/Models/MOCO
  artifactKey: Guid(88736ac8ddda8d24c8da67186b755581) Importer(815301076,1909f56bfc062723c751e8b465ee728b)
Start importing Assets/Temp/Models/MOCO using Guid(88736ac8ddda8d24c8da67186b755581) Importer(815301076,1909f56bfc062723c751e8b465ee728b)  -> (artifact id: 'bfefc0a4a3e85822ef1a76ec088e4801') in 0.026149 seconds
Number of updated asset objects reloaded before import = 0
Number of asset objects unloaded after import = 0
========================================================================
Received Import Request.
  Time since last request: 9.117359 seconds.
  path: Assets/Temp/Models/MOCOCO
  artifactKey: Guid(88736ac8ddda8d24c8da67186b755581) Importer(815301076,1909f56bfc062723c751e8b465ee728b)
Start importing Assets/Temp/Models/MOCOCO using Guid(88736ac8ddda8d24c8da67186b755581) Importer(815301076,1909f56bfc062723c751e8b465ee728b)  -> (artifact id: '262880e2505f787fccda351e6f810e69') in 0.001315 seconds
Number of updated asset objects reloaded before import = 0
Number of asset objects unloaded after import = 0
========================================================================
Received Import Request.
  Time since last request: 25.695733 seconds.
  path: Assets/Temp/Models/mococo-abyssgard
  artifactKey: Guid(d8446bb568181954f9e3006727db2baa) Importer(815301076,1909f56bfc062723c751e8b465ee728b)
Start importing Assets/Temp/Models/mococo-abyssgard using Guid(d8446bb568181954f9e3006727db2baa) Importer(815301076,1909f56bfc062723c751e8b465ee728b)  -> (artifact id: '832259dd00f8368ff5c201864b4b9b42') in 0.002621 seconds
Number of updated asset objects reloaded before import = 0
Number of asset objects unloaded after import = 0
========================================================================
Received Import Request.
  Time since last request: 1.410158 seconds.
  path: Assets/Temp/Models/mococo-abyssgard/source
  artifactKey: Guid(8a7b21455cd32794f90f6c88ddbbb77e) Importer(815301076,1909f56bfc062723c751e8b465ee728b)
Start importing Assets/Temp/Models/mococo-abyssgard/source using Guid(8a7b21455cd32794f90f6c88ddbbb77e) Importer(815301076,1909f56bfc062723c751e8b465ee728b)  -> (artifact id: 'f2c216a5bdda7cfd438f320ed2d24c6e') in 0.001502 seconds
Number of updated asset objects reloaded before import = 0
Number of asset objects unloaded after import = 0
========================================================================
Received Import Request.
  Time since last request: 0.047978 seconds.
  path: Assets/Temp/Models/mococo-abyssgard/source/Mococo_pose.fbx
  artifactKey: Guid(2f829408c784dc24996dddff31855c9d) Importer(815301076,1909f56bfc062723c751e8b465ee728b)
Start importing Assets/Temp/Models/mococo-abyssgard/source/Mococo_pose.fbx using Guid(2f829408c784dc24996dddff31855c9d) Importer(815301076,1909f56bfc062723c751e8b465ee728b)  -> (artifact id: '7d4a9e1a7fece636abf443456d0774bc') in 0.603461 seconds
Number of updated asset objects reloaded before import = 0
Number of asset objects unloaded after import = 20
========================================================================
Received Import Request.
  Time since last request: 254.211521 seconds.
  path: Assets/Temp/Models/hakos-baelz
  artifactKey: Guid(0345d3f532d511a47a6be2babd695490) Importer(815301076,1909f56bfc062723c751e8b465ee728b)
Start importing Assets/Temp/Models/hakos-baelz using Guid(0345d3f532d511a47a6be2babd695490) Importer(815301076,1909f56bfc062723c751e8b465ee728b)  -> (artifact id: '830d9a8b86b0f0b7a6885d647f6a8248') in 0.008541 seconds
Number of updated asset objects reloaded before import = 0
Number of asset objects unloaded after import = 0
========================================================================
Received Import Request.
  Time since last request: 1.155759 seconds.
  path: Assets/Temp/Models/hakos-baelz/source/Hakos Baelz Sketchfab.fbx
  artifactKey: Guid(d925d02a0533c684db0b4900b62d993c) Importer(815301076,1909f56bfc062723c751e8b465ee728b)
Start importing Assets/Temp/Models/hakos-baelz/source/Hakos Baelz Sketchfab.fbx using Guid(d925d02a0533c684db0b4900b62d993c) Importer(815301076,1909f56bfc062723c751e8b465ee728b)  -> (artifact id: 'b635f4b9b874f4869e93e7d2380e4026') in 1.211793 seconds
Number of updated asset objects reloaded before import = 0
Number of asset objects unloaded after import = 198
========================================================================
Received Import Request.
  Time since last request: 30.308032 seconds.
  path: Assets/Temp/Models/hakos-baelz/textures
  artifactKey: Guid(0a63763bf911b3b4882b46003e6cc729) Importer(815301076,1909f56bfc062723c751e8b465ee728b)
Start importing Assets/Temp/Models/hakos-baelz/textures using Guid(0a63763bf911b3b4882b46003e6cc729) Importer(815301076,1909f56bfc062723c751e8b465ee728b)  -> (artifact id: '2a9d4af7f8c28eafb1530d6cf1e3b630') in 0.007378 seconds
Number of updated asset objects reloaded before import = 0
Number of asset objects unloaded after import = 0
========================================================================
Received Import Request.
  Time since last request: 0.111581 seconds.
  path: Assets/Temp/Models/hakos-baelz/textures/Body.png
  artifactKey: Guid(be442dc985c90a74093a0f94ca0713c0) Importer(815301076,1909f56bfc062723c751e8b465ee728b)
Start importing Assets/Temp/Models/hakos-baelz/textures/Body.png using Guid(be442dc985c90a74093a0f94ca0713c0) Importer(815301076,1909f56bfc062723c751e8b465ee728b)  -> (artifact id: '856f83d8b72bcd4b220742cf405ddd01') in 0.286193 seconds
Number of updated asset objects reloaded before import = 0
Number of asset objects unloaded after import = 2
========================================================================
Received Import Request.
  Time since last request: 0.000020 seconds.
  path: Assets/Temp/Models/hakos-baelz/textures/Costume_2_Set.png
  artifactKey: Guid(76b359181526b044badd93e525a79e20) Importer(815301076,1909f56bfc062723c751e8b465ee728b)
Start importing Assets/Temp/Models/hakos-baelz/textures/Costume_2_Set.png using Guid(76b359181526b044badd93e525a79e20) Importer(815301076,1909f56bfc062723c751e8b465ee728b)  -> (artifact id: 'd867bc930f94e44862c783c3fbc566bf') in 0.021306 seconds
Number of updated asset objects reloaded before import = 0
Number of asset objects unloaded after import = 2
========================================================================
Received Import Request.
  Time since last request: 0.000042 seconds.
  path: Assets/Temp/Models/hakos-baelz/textures/Extras.png
  artifactKey: Guid(d12092e9d0bfea54cb0a9c5465f578e2) Importer(815301076,1909f56bfc062723c751e8b465ee728b)
Start importing Assets/Temp/Models/hakos-baelz/textures/Extras.png using Guid(d12092e9d0bfea54cb0a9c5465f578e2) Importer(815301076,1909f56bfc062723c751e8b465ee728b)  -> (artifact id: '8f71052e4949b05e21bc674967ae9d9f') in 0.020812 seconds
Number of updated asset objects reloaded before import = 0
Number of asset objects unloaded after import = 2
========================================================================
Received Import Request.
  Time since last request: 0.000093 seconds.
  path: Assets/Temp/Models/hakos-baelz/textures/Hair_Set.png
  artifactKey: Guid(36d7288b4e789cc49a53a252a8d5a4c5) Importer(815301076,1909f56bfc062723c751e8b465ee728b)
Start importing Assets/Temp/Models/hakos-baelz/textures/Hair_Set.png using Guid(36d7288b4e789cc49a53a252a8d5a4c5) Importer(815301076,1909f56bfc062723c751e8b465ee728b)  -> (artifact id: 'e395cf78786764d7f065fb88e34385d2') in 0.026394 seconds
Number of updated asset objects reloaded before import = 0
Number of asset objects unloaded after import = 2
========================================================================
Received Import Request.
  Time since last request: 0.000026 seconds.
  path: Assets/Temp/Models/hakos-baelz/textures/Eyes.png
  artifactKey: Guid(434ee8090677a10458b9cda74edf16f7) Importer(815301076,1909f56bfc062723c751e8b465ee728b)
Start importing Assets/Temp/Models/hakos-baelz/textures/Eyes.png using Guid(434ee8090677a10458b9cda74edf16f7) Importer(815301076,1909f56bfc062723c751e8b465ee728b)  -> (artifact id: '4bf38b1c04becefe225970b1670ae3ce') in 0.023939 seconds
Number of updated asset objects reloaded before import = 0
Number of asset objects unloaded after import = 2
========================================================================
Received Import Request.
  Time since last request: 0.000018 seconds.
  path: Assets/Temp/Models/hakos-baelz/textures/Twintails_Set.png
  artifactKey: Guid(5ccaf4d3d28fd93439a0a3e831f445c6) Importer(815301076,1909f56bfc062723c751e8b465ee728b)
Start importing Assets/Temp/Models/hakos-baelz/textures/Twintails_Set.png using Guid(5ccaf4d3d28fd93439a0a3e831f445c6) Importer(815301076,1909f56bfc062723c751e8b465ee728b)  -> (artifact id: 'e5fbf90c8fe07238e99520531d66cac8') in 0.022260 seconds
Number of updated asset objects reloaded before import = 0
Number of asset objects unloaded after import = 2
========================================================================
Received Import Request.
  Time since last request: 0.000024 seconds.
  path: Assets/Temp/Models/hakos-baelz/textures/Ear_Inside.png
  artifactKey: Guid(c9ceacc256caac84eb022250d2aa084f) Importer(815301076,1909f56bfc062723c751e8b465ee728b)
Start importing Assets/Temp/Models/hakos-baelz/textures/Ear_Inside.png using Guid(c9ceacc256caac84eb022250d2aa084f) Importer(815301076,1909f56bfc062723c751e8b465ee728b)  -> (artifact id: 'c5666d4c0d817d2d1fbdb778fef6e560') in 0.018559 seconds
Number of updated asset objects reloaded before import = 0
Number of asset objects unloaded after import = 2
Editor requested this worker to shutdown with reason: Scaling down because of idle timeout
TcpMessagingSession - receive error: operation aborted. errorcode: 995, details: The I/O operation has been aborted because of either a thread exit or an application request.
AssetImportWorker is now disconnected from the server
Process exiting
Exiting without the bug reporter. Application will terminate with return code 0